#
# There is insufficient memory for the Java Runtime Environment to continue.
# Native memory allocation (mmap) failed to map 2097152 bytes for G1 virtual space
# Possible reasons:
#   The system is out of physical RAM or swap space
#   The process is running with CompressedOops enabled, and the Java Heap may be blocking the growth of the native heap
# Possible solutions:
#   Reduce memory load on the system
#   Increase physical memory or swap space
#   Check if swap backing store is full
#   Decrease Java heap size (-Xmx/-Xms)
#   Decrease number of Java threads
#   Decrease Java thread stack sizes (-Xss)
#   Set larger code cache with -XX:ReservedCodeCacheSize=
#   JVM is running with Unscaled Compressed Oops mode in which the Java heap is
#     placed in the first 4GB address space. The Java Heap base address is the
#     maximum limit for the native heap growth. Please use -XX:HeapBaseMinAddress
#     to set the Java Heap base and to place the Java Heap above 4GB virtual address.
# This output file may be truncated or incomplete.
#
#  Out of Memory Error (os_windows.cpp:3600), pid=8764, tid=11200
#
# JRE version:  (21.0+35) (build )
# Java VM: Java HotSpot(TM) 64-Bit Server VM (21+35-LTS-2513, mixed mode, sharing, tiered, compressed oops, compressed class ptrs, g1 gc, windows-amd64)
# No core dump will be written. Minidumps are not enabled by default on client versions of Windows
#

---------------  S U M M A R Y ------------

Command Line: -Dclassworlds.conf=C:\Program Files\apache-maven-3.9.6\bin\m2.conf -Dmaven.home=C:\Program Files\apache-maven-3.9.6 -Dlibrary.jansi.path=C:\Program Files\apache-maven-3.9.6\lib\jansi-native -Dmaven.multiModuleProjectDirectory=C:\Users\Шура\IdeaProjects\maven-id org.codehaus.plexus.classworlds.launcher.Launcher install

Host: Intel(R) Core(TM) i5-4200M CPU @ 2.50GHz, 4 cores, 7G,  Windows 10 , 64 bit Build 19041 (10.0.19041.3636)
Time: Wed Feb 21 20:38:18 2024 RTZ 2 (s 10 , 64 bit Build 19041 (10.0.19041.3636) elapsed time: 0.021073 seconds (0d 0h 0m 0s)

---------------  T H R E A D  ---------------

Current thread (0x000001c682eda1a0):  JavaThread "Unknown thread" [_thread_in_vm, id=11200, stack(0x00000016ce200000,0x00000016ce300000) (1024K)]

Stack: [0x00000016ce200000,0x00000016ce300000]
Native frames: (J=compiled Java code, j=interpreted, Vv=VM code, C=native code)
V  [jvm.dll+0x6c8d39]
V  [jvm.dll+0x854091]
V  [jvm.dll+0x85630e]
V  [jvm.dll+0x8569e3]
V  [jvm.dll+0x2809a6]
V  [jvm.dll+0x6c5425]
V  [jvm.dll+0x6b9e1a]
V  [jvm.dll+0x3555ba]
V  [jvm.dll+0x35d206]
V  [jvm.dll+0x3adf83]
V  [jvm.dll+0x3ae218]
V  [jvm.dll+0x328fcc]
V  [jvm.dll+0x329b5b]
V  [jvm.dll+0x81c699]
V  [jvm.dll+0x3bb2a1]
V  [jvm.dll+0x805688]
V  [jvm.dll+0x44ed9e]
V  [jvm.dll+0x4506a1]
C  [jli.dll+0x52a3]
C  [ucrtbase.dll+0x21bb2]
C  [KERNEL32.DLL+0x17344]
C  [ntdll.dll+0x526b1]


---------------  P R O C E S S  ---------------

Threads class SMR info:
_java_thread_list=0x00007ffb81d27b48, length=0, elements={
}

Java Threads: ( => current thread )
Total: 0

Other Threads:
  0x000001c682eb8f60 WorkerThread "GC Thread#0"                     [id=8580, stack(0x00000016ce300000,0x00000016ce400000) (1024K)]
  0x000001c685046020 ConcurrentGCThread "G1 Main Marker"            [id=9052, stack(0x00000016ce400000,0x00000016ce500000) (1024K)]
  0x000001c682eb96a0 WorkerThread "G1 Conc#0"                       [id=10188, stack(0x00000016ce500000,0x00000016ce600000) (1024K)]

[error occurred during error reporting (printing all threads), id 0xc0000005, EXCEPTION_ACCESS_VIOLATION (0xc0000005) at pc=0x00007ffb8149c097]
VM state: not at safepoint (not fully initialized)

VM Mutex/Monitor currently owned by a thread:  ([mutex/lock_event])
[0x00007ffb81d98648] Heap_lock - owner thread: 0x000001c682eda1a0

Heap address: 0x0000000081400000, size: 2028 MB, Compressed Oops mode: 32-bit

CDS archive(s) mapped at: [0x0000000000000000-0x0000000000000000-0x0000000000000000), size 0, SharedBaseAddress: 0x0000000800000000, ArchiveRelocationMode: 1.
Narrow klass base: 0x0000000000000000, Narrow klass shift: 0, Narrow klass range: 0x0

GC Precious Log:
 CardTable entry size: 512
 Card Set container configuration: InlinePtr #cards 5 size 8 Array Of Cards #cards 12 size 40 Howl #buckets 4 coarsen threshold 1843 Howl Bitmap #cards 512 size 80 coarsen threshold 460 Card regions per heap region 1 cards per card region 2048

Heap:
 garbage-first heap   total 0K, used 0K [0x0000000081400000, 0x0000000100000000)
  region size 1024K, 0 young (0K), 0 survivors (0K)

[error occurred during error reporting (printing heap information), id 0xc0000005, EXCEPTION_ACCESS_VIOLATION (0xc0000005) at pc=0x00007ffb81881939]
GC Heap History (0 events):
No events

Dll operation events (1 events):
Event: 0.009 Loaded shared library C:\Program Files\Java\jdk-21\bin\java.dll

Deoptimization events (0 events):
No events

Classes loaded (0 events):
No events

Classes unloaded (0 events):
No events

Classes redefined (0 events):
No events

Internal exceptions (0 events):
No events

ZGC Phase Switch (0 events):
No events

VM Operations (0 events):
No events

Events (0 events):
No events


Dynamic libraries:
0x00007ff735bc0000 - 0x00007ff735bd0000 	C:\Program Files\Java\jdk-21\bin\java.exe
0x00007ffbf2470000 - 0x00007ffbf2668000 	C:\WINDOWS\SYSTEM32\ntdll.dll
0x00007ffbe4de0000 - 0x00007ffbe4df9000 	C:\Program Files\Avast Software\Avast\aswhook.dll
0x00007ffbf0df0000 - 0x00007ffbf0ead000 	C:\WINDOWS\System32\KERNEL32.DLL
0x00007ffbefe20000 - 0x00007ffbf0116000 	C:\WINDOWS\System32\KERNELBASE.dll
0x00007ffbf02d0000 - 0x00007ffbf03d0000 	C:\WINDOWS\System32\ucrtbase.dll
0x00007ffbe09f0000 - 0x00007ffbe0a09000 	C:\Program Files\Java\jdk-21\bin\jli.dll
0x00007ffbe09d0000 - 0x00007ffbe09eb000 	C:\Program Files\Java\jdk-21\bin\VCRUNTIME140.dll
0x00007ffbf16d0000 - 0x00007ffbf1783000 	C:\WINDOWS\System32\ADVAPI32.dll
0x00007ffbf07a0000 - 0x00007ffbf083e000 	C:\WINDOWS\System32\msvcrt.dll
0x00007ffbf0ff0000 - 0x00007ffbf108f000 	C:\WINDOWS\System32\sechost.dll
0x00007ffbf0670000 - 0x00007ffbf0796000 	C:\WINDOWS\System32\RPCRT4.dll
0x00007ffbf0120000 - 0x00007ffbf0147000 	C:\WINDOWS\System32\bcrypt.dll
0x00007ffbf0aa0000 - 0x00007ffbf0c3e000 	C:\WINDOWS\System32\USER32.dll
0x00007ffbf0200000 - 0x00007ffbf0222000 	C:\WINDOWS\System32\win32u.dll
0x00007ffbf2400000 - 0x00007ffbf242b000 	C:\WINDOWS\System32\GDI32.dll
0x00007ffbefd00000 - 0x00007ffbefe17000 	C:\WINDOWS\System32\gdi32full.dll
0x00007ffbf0230000 - 0x00007ffbf02cd000 	C:\WINDOWS\System32\msvcp_win.dll
0x00007ffbe19b0000 - 0x00007ffbe1c4a000 	C:\WINDOWS\WinSxS\amd64_microsoft.windows.common-controls_6595b64144ccf1df_6.0.19041.3636_none_60b6a03d71f818d5\COMCTL32.dll
0x00007ffbe9a10000 - 0x00007ffbe9a1a000 	C:\WINDOWS\SYSTEM32\VERSION.dll
0x00007ffbf1150000 - 0x00007ffbf1182000 	C:\WINDOWS\System32\IMM32.DLL
0x00007ffbeb020000 - 0x00007ffbeb02c000 	C:\Program Files\Java\jdk-21\bin\vcruntime140_1.dll
0x00007ffbce720000 - 0x00007ffbce7ae000 	C:\Program Files\Java\jdk-21\bin\msvcp140.dll
0x00007ffb81160000 - 0x00007ffb81e73000 	C:\Program Files\Java\jdk-21\bin\server\jvm.dll
0x00007ffbf1190000 - 0x00007ffbf11fb000 	C:\WINDOWS\System32\WS2_32.dll
0x00007ffbef080000 - 0x00007ffbef0cb000 	C:\WINDOWS\SYSTEM32\POWRPROF.dll
0x00007ffbcfab0000 - 0x00007ffbcfad7000 	C:\WINDOWS\SYSTEM32\WINMM.dll
0x00007ffbeef40000 - 0x00007ffbeef52000 	C:\WINDOWS\SYSTEM32\UMPDC.dll
0x00007ffbee3c0000 - 0x00007ffbee3d2000 	C:\WINDOWS\SYSTEM32\kernel.appcore.dll
0x00007ffbea930000 - 0x00007ffbea93a000 	C:\Program Files\Java\jdk-21\bin\jimage.dll
0x00007ffbe5e60000 - 0x00007ffbe6044000 	C:\WINDOWS\SYSTEM32\DBGHELP.DLL
0x00007ffbe5e20000 - 0x00007ffbe5e54000 	C:\WINDOWS\SYSTEM32\dbgcore.DLL
0x00007ffbf0420000 - 0x00007ffbf04a2000 	C:\WINDOWS\System32\bcryptPrimitives.dll
0x00007ffbe0940000 - 0x00007ffbe095f000 	C:\Program Files\Java\jdk-21\bin\java.dll

dbghelp: loaded successfully - version: 4.0.5 - missing functions: none
symbol engine: initialized successfully - sym options: 0x614 - pdb path: .;C:\Program Files\Java\jdk-21\bin;C:\WINDOWS\SYSTEM32;C:\Program Files\Avast Software\Avast;C:\WINDOWS\WinSxS\amd64_microsoft.windows.common-controls_6595b64144ccf1df_6.0.19041.3636_none_60b6a03d71f818d5;C:\Program Files\Java\jdk-21\bin\server

VM Arguments:
jvm_args: -Dclassworlds.conf=C:\Program Files\apache-maven-3.9.6\bin\m2.conf -Dmaven.home=C:\Program Files\apache-maven-3.9.6 -Dlibrary.jansi.path=C:\Program Files\apache-maven-3.9.6\lib\jansi-native -Dmaven.multiModuleProjectDirectory=C:\Users\Шура\IdeaProjects\maven-id 
java_command: org.codehaus.plexus.classworlds.launcher.Launcher install
java_class_path (initial): C:\Program Files\apache-maven-3.9.6\boot\plexus-classworlds-2.7.0.jar
Launcher Type: SUN_STANDARD

[Global flags]
     intx CICompilerCount                          = 3                                         {product} {ergonomic}
     uint ConcGCThreads                            = 1                                         {product} {ergonomic}
     uint G1ConcRefinementThreads                  = 4                                         {product} {ergonomic}
   size_t G1HeapRegionSize                         = 1048576                                   {product} {ergonomic}
    uintx GCDrainStackTargetSize                   = 64                                        {product} {ergonomic}
   size_t InitialHeapSize                          = 134217728                                 {product} {ergonomic}
   size_t MarkStackSize                            = 4194304                                   {product} {ergonomic}
   size_t MaxHeapSize                              = 2126512128                                {product} {ergonomic}
   size_t MinHeapDeltaBytes                        = 1048576                                   {product} {ergonomic}
   size_t MinHeapSize                              = 8388608                                   {product} {ergonomic}
    uintx NonNMethodCodeHeapSize                   = 5832780                                {pd product} {ergonomic}
    uintx NonProfiledCodeHeapSize                  = 122912730                              {pd product} {ergonomic}
    uintx ProfiledCodeHeapSize                     = 122912730                              {pd product} {ergonomic}
    uintx ReservedCodeCacheSize                    = 251658240                              {pd product} {ergonomic}
     bool SegmentedCodeCache                       = true                                      {product} {ergonomic}
   size_t SoftMaxHeapSize                          = 2126512128                             {manageable} {ergonomic}
     bool UseCompressedOops                        = true                           {product lp64_product} {ergonomic}
     bool UseG1GC                                  = true                                      {product} {ergonomic}
     bool UseLargePagesIndividualAllocation        = false                                  {pd product} {ergonomic}

Logging:
Log output configuration:
 #0: stdout all=warning uptime,level,tags foldmultilines=false
 #1: stderr all=off uptime,level,tags foldmultilines=false

Environment Variables:
JAVA_HOME=C:\Program Files\Java\jdk-21
PATH=C:\Program Files\Common Files\Oracle\Java\javapath;C:\WINDOWS\system32;C:\WINDOWS;C:\WINDOWS\System32\Wbem;C:\WINDOWS\System32\WindowsPowerShell\v1.0\;C:\WINDOWS\System32\OpenSSH\;C:\Program Files\Git\cmd;C:\Program Files\apache-maven-3.9.6\bin;%MAVEN_HOME%\bin;C:\Users\Шура\AppData\Local\Microsoft\WindowsApps;C:\Program Files\Java\jdk-21\bin;C:\Program Files\JetBrains\IntelliJ IDEA Community Edition 2023.2.3\bin;;C:\Program Files\apache-maven-3.9.6\bin;
USERNAME=Шура
OS=Windows_NT
PROCESSOR_IDENTIFIER=Intel64 Family 6 Model 60 Stepping 3, GenuineIntel
TMP=C:\Users\823A~1\AppData\Local\Temp
TEMP=C:\Users\823A~1\AppData\Local\Temp




---------------  S Y S T E M  ---------------

OS:
 Windows 10 , 64 bit Build 19041 (10.0.19041.3636)
OS uptime: 0 days 4:47 hours

CPU: total 4 (initial active 4) (2 cores per cpu, 2 threads per core) family 6 model 60 stepping 3 microcode 0x27, cx8, cmov, fxsr, ht, mmx, sse, sse2, sse3, ssse3, sse4.1, sse4.2, popcnt, lzcnt, tsc, tscinvbit, avx, avx2, aes, erms, clmul, bmi1, bmi2, fma, vzeroupper, clflush, rdtscp, f16c
Processor Information for all 4 processors :
  Max Mhz: 2501, Current Mhz: 2501, Mhz Limit: 2501

Memory: 4k page, system-wide physical 8105M (1828M free)
TotalPageFile size 8361M (AvailPageFile size 5M)
current process WorkingSet (physical memory assigned to process): 10M, peak: 10M
current process commit charge ("private bytes"): 180M, peak: 182M

vm_info: Java HotSpot(TM) 64-Bit Server VM (21+35-LTS-2513) for windows-amd64 JRE (21+35-LTS-2513), built on 2023-08-09T20:25:10Z by "mach5one" with MS VC++ 17.1 (VS2022)

END.
